17:11:15.202 [main] INFO  factory.BaseClass - Navigated to ZigWheels
17:11:50.714 [main] DEBUG org.apache.poi.openxml4j.opc.ZipPackage - Save core properties part
17:11:50.714 [main] DEBUG org.apache.poi.openxml4j.opc.ZipPackage - Save content types part
17:11:50.946 [main] DEBUG org.apache.poi.openxml4j.opc.ZipPackage - Save package relationships
17:11:50.965 [main] DEBUG org.apache.poi.openxml4j.opc.ZipPackage - Save part 'docProps/app.xml'
17:11:50.972 [main] DEBUG org.apache.poi.openxml4j.opc.ZipPackage - Save part 'docProps/core.xml'
17:11:50.984 [main] DEBUG org.apache.poi.openxml4j.opc.ZipPackage - Save part 'xl/sharedStrings.xml'
17:11:50.986 [main] DEBUG org.apache.poi.openxml4j.opc.ZipPackage - Save part 'xl/styles.xml'
17:11:50.987 [main] DEBUG org.apache.poi.openxml4j.opc.ZipPackage - Save part 'xl/workbook.xml'
17:11:50.991 [main] DEBUG org.apache.poi.openxml4j.opc.ZipPackage - Save part 'xl/worksheets/sheet1.xml'
17:11:51.018 [main] DEBUG org.apache.poi.openxml4j.opc.ZipPackage - Save content types part
17:11:51.021 [main] DEBUG org.apache.poi.openxml4j.opc.ZipPackage - Save package relationships
17:11:51.025 [main] DEBUG org.apache.poi.openxml4j.opc.ZipPackage - Save part 'docProps/app.xml'
17:11:51.025 [main] DEBUG org.apache.poi.openxml4j.opc.ZipPackage - Save part 'docProps/core.xml'
17:11:51.029 [main] DEBUG org.apache.poi.openxml4j.opc.ZipPackage - Save part 'xl/sharedStrings.xml'
17:11:51.029 [main] DEBUG org.apache.poi.openxml4j.opc.ZipPackage - Save part 'xl/styles.xml'
17:11:51.030 [main] DEBUG org.apache.poi.openxml4j.opc.ZipPackage - Save part 'xl/workbook.xml'
17:11:51.034 [main] DEBUG org.apache.poi.openxml4j.opc.ZipPackage - Save part 'xl/worksheets/sheet1.xml'
17:14:18.569 [main] INFO  factory.BaseClass - Navigated to ZigWheels
17:14:54.045 [main] DEBUG org.apache.poi.openxml4j.opc.ZipPackage - Save core properties part
17:14:54.046 [main] DEBUG org.apache.poi.openxml4j.opc.ZipPackage - Save content types part
17:14:54.201 [main] DEBUG org.apache.poi.openxml4j.opc.ZipPackage - Save package relationships
17:14:54.216 [main] DEBUG org.apache.poi.openxml4j.opc.ZipPackage - Save part 'docProps/app.xml'
17:14:54.224 [main] DEBUG org.apache.poi.openxml4j.opc.ZipPackage - Save part 'docProps/core.xml'
17:14:54.234 [main] DEBUG org.apache.poi.openxml4j.opc.ZipPackage - Save part 'xl/sharedStrings.xml'
17:14:54.234 [main] DEBUG org.apache.poi.openxml4j.opc.ZipPackage - Save part 'xl/styles.xml'
17:14:54.234 [main] DEBUG org.apache.poi.openxml4j.opc.ZipPackage - Save part 'xl/workbook.xml'
17:14:54.237 [main] DEBUG org.apache.poi.openxml4j.opc.ZipPackage - Save part 'xl/worksheets/sheet1.xml'
17:14:54.265 [main] DEBUG org.apache.poi.openxml4j.opc.ZipPackage - Save content types part
17:14:54.268 [main] DEBUG org.apache.poi.openxml4j.opc.ZipPackage - Save package relationships
17:14:54.271 [main] DEBUG org.apache.poi.openxml4j.opc.ZipPackage - Save part 'docProps/app.xml'
17:14:54.272 [main] DEBUG org.apache.poi.openxml4j.opc.ZipPackage - Save part 'docProps/core.xml'
17:14:54.275 [main] DEBUG org.apache.poi.openxml4j.opc.ZipPackage - Save part 'xl/sharedStrings.xml'
17:14:54.276 [main] DEBUG org.apache.poi.openxml4j.opc.ZipPackage - Save part 'xl/styles.xml'
17:14:54.276 [main] DEBUG org.apache.poi.openxml4j.opc.ZipPackage - Save part 'xl/workbook.xml'
17:14:54.279 [main] DEBUG org.apache.poi.openxml4j.opc.ZipPackage - Save part 'xl/worksheets/sheet1.xml'
17:17:52.128 [main] INFO  factory.BaseClass - Navigated to ZigWheels
17:18:27.730 [main] DEBUG org.apache.poi.openxml4j.opc.ZipPackage - Save core properties part
17:18:27.730 [main] DEBUG org.apache.poi.openxml4j.opc.ZipPackage - Save content types part
17:18:27.870 [main] DEBUG org.apache.poi.openxml4j.opc.ZipPackage - Save package relationships
17:18:27.884 [main] DEBUG org.apache.poi.openxml4j.opc.ZipPackage - Save part 'docProps/app.xml'
17:18:27.888 [main] DEBUG org.apache.poi.openxml4j.opc.ZipPackage - Save part 'docProps/core.xml'
17:18:27.895 [main] DEBUG org.apache.poi.openxml4j.opc.ZipPackage - Save part 'xl/sharedStrings.xml'
17:18:27.896 [main] DEBUG org.apache.poi.openxml4j.opc.ZipPackage - Save part 'xl/styles.xml'
17:18:27.896 [main] DEBUG org.apache.poi.openxml4j.opc.ZipPackage - Save part 'xl/workbook.xml'
17:18:27.898 [main] DEBUG org.apache.poi.openxml4j.opc.ZipPackage - Save part 'xl/worksheets/sheet1.xml'
17:18:27.923 [main] DEBUG org.apache.poi.openxml4j.opc.ZipPackage - Save content types part
17:18:27.926 [main] DEBUG org.apache.poi.openxml4j.opc.ZipPackage - Save package relationships
17:18:27.928 [main] DEBUG org.apache.poi.openxml4j.opc.ZipPackage - Save part 'docProps/app.xml'
17:18:27.928 [main] DEBUG org.apache.poi.openxml4j.opc.ZipPackage - Save part 'docProps/core.xml'
17:18:27.931 [main] DEBUG org.apache.poi.openxml4j.opc.ZipPackage - Save part 'xl/sharedStrings.xml'
17:18:27.932 [main] DEBUG org.apache.poi.openxml4j.opc.ZipPackage - Save part 'xl/styles.xml'
