11:32:20.507 [main] DEBUG org.apache.poi.openxml4j.opc.PackageRelationshipCollection - Parsing relationship: /xl/_rels/workbook.xml.rels
11:32:20.517 [main] DEBUG org.apache.poi.openxml4j.opc.PackageRelationshipCollection - Parsing relationship: /xl/worksheets/_rels/sheet1.xml.rels
11:32:20.519 [main] DEBUG org.apache.poi.openxml4j.opc.PackageRelationshipCollection - Parsing relationship: /_rels/.rels
11:32:21.935 [main] DEBUG org.apache.poi.openxml4j.opc.ZipPackage - Save content types part
11:32:21.939 [main] DEBUG org.apache.poi.openxml4j.opc.ZipPackage - Save package relationships
11:32:21.940 [main] DEBUG org.apache.poi.openxml4j.opc.ZipPackage - Save part 'docProps/app.xml'
11:32:21.941 [main] DEBUG org.apache.poi.openxml4j.opc.ZipPackage - Save part 'docProps/core.xml'
11:32:21.943 [main] DEBUG org.apache.poi.openxml4j.opc.ZipPackage - Save part 'xl/sharedStrings.xml'
11:32:21.944 [main] DEBUG org.apache.poi.openxml4j.opc.ZipPackage - Save part 'xl/styles.xml'
11:32:21.944 [main] DEBUG org.apache.poi.openxml4j.opc.ZipPackage - Save part 'xl/theme/theme1.xml'
11:32:21.944 [main] DEBUG org.apache.poi.openxml4j.opc.ZipPackage - Save part 'xl/workbook.xml'
11:32:21.947 [main] DEBUG org.apache.poi.openxml4j.opc.ZipPackage - Save part 'xl/worksheets/sheet1.xml'
11:34:16.471 [main] INFO  factory.BaseClass - Navigated to Home Page
11:34:16.885 [main] INFO  factory.BaseClass - Trying to login in google
11:34:22.709 [main] INFO  factory.BaseClass - Entering invalid credentials
11:34:43.256 [main] DEBUG org.apache.poi.openxml4j.opc.PackageRelationshipCollection - Parsing relationship: /xl/_rels/workbook.xml.rels
11:34:43.258 [main] DEBUG org.apache.poi.openxml4j.opc.PackageRelationshipCollection - Parsing relationship: /xl/worksheets/_rels/sheet1.xml.rels
11:34:43.258 [main] DEBUG org.apache.poi.openxml4j.opc.PackageRelationshipCollection - Parsing relationship: /_rels/.rels
11:34:44.680 [main] DEBUG org.apache.poi.openxml4j.opc.ZipPackage - Save content types part
11:34:44.681 [main] DEBUG org.apache.poi.openxml4j.opc.ZipPackage - Save package relationships
11:34:44.682 [main] DEBUG org.apache.poi.openxml4j.opc.ZipPackage - Save part 'docProps/app.xml'
11:34:44.682 [main] DEBUG org.apache.poi.openxml4j.opc.ZipPackage - Save part 'docProps/core.xml'
11:34:44.683 [main] DEBUG org.apache.poi.openxml4j.opc.ZipPackage - Save part 'xl/sharedStrings.xml'
11:34:44.684 [main] DEBUG org.apache.poi.openxml4j.opc.ZipPackage - Save part 'xl/styles.xml'
11:34:44.684 [main] DEBUG org.apache.poi.openxml4j.opc.ZipPackage - Save part 'xl/theme/theme1.xml'
11:34:44.684 [main] DEBUG org.apache.poi.openxml4j.opc.ZipPackage - Save part 'xl/workbook.xml'
11:34:44.685 [main] DEBUG org.apache.poi.openxml4j.opc.ZipPackage - Save part 'xl/worksheets/sheet1.xml'
11:34:54.154 [main] INFO  factory.BaseClass - Navigated to ZigWheels
11:34:54.628 [main] INFO  factory.BaseClass - Navigated to NewBikes
11:35:26.938 [main] INFO  factory.BaseClass - Clicked on Upcoming bikes
11:35:58.261 [main] INFO  factory.BaseClass - Honda as manufacturer is selected 
11:36:00.402 [main] DEBUG org.apache.poi.openxml4j.opc.ZipPackage - Save core properties part
11:36:00.402 [main] DEBUG org.apache.poi.openxml4j.opc.ZipPackage - Save content types part
11:36:00.404 [main] DEBUG org.apache.poi.openxml4j.opc.ZipPackage - Save package relationships
11:36:00.406 [main] DEBUG org.apache.poi.openxml4j.opc.ZipPackage - Save part 'docProps/app.xml'
11:36:00.406 [main] DEBUG org.apache.poi.openxml4j.opc.ZipPackage - Save part 'docProps/core.xml'
11:36:00.407 [main] DEBUG org.apache.poi.openxml4j.opc.ZipPackage - Save part 'xl/sharedStrings.xml'
11:36:00.407 [main] DEBUG org.apache.poi.openxml4j.opc.ZipPackage - Save part 'xl/styles.xml'
11:36:00.408 [main] DEBUG org.apache.poi.openxml4j.opc.ZipPackage - Save part 'xl/workbook.xml'
11:36:00.409 [main] DEBUG org.apache.poi.openxml4j.opc.ZipPackage - Save part 'xl/worksheets/sheet1.xml'
11:36:00.410 [main] DEBUG org.apache.poi.openxml4j.opc.ZipPackage - Save content types part
11:36:00.411 [main] DEBUG org.apache.poi.openxml4j.opc.ZipPackage - Save package relationships
11:36:00.412 [main] DEBUG org.apache.poi.openxml4j.opc.ZipPackage - Save part 'docProps/app.xml'
11:36:00.412 [main] DEBUG org.apache.poi.openxml4j.opc.ZipPackage - Save part 'docProps/core.xml'
11:36:00.413 [main] DEBUG org.apache.poi.openxml4j.opc.ZipPackage - Save part 'xl/sharedStrings.xml'
11:36:00.413 [main] DEBUG org.apache.poi.openxml4j.opc.ZipPackage - Save part 'xl/styles.xml'
11:36:00.413 [main] DEBUG org.apache.poi.openxml4j.opc.ZipPackage - Save part 'xl/workbook.xml'
11:36:00.414 [main] DEBUG org.apache.poi.openxml4j.opc.ZipPackage - Save part 'xl/worksheets/sheet1.xml'
11:36:00.415 [main] INFO  factory.BaseClass - Upcoming honda bikes are selected 
11:37:15.382 [main] INFO  factory.BaseClass - Navigated to ZigWheels
11:37:15.666 [main] INFO  factory.BaseClass - Navigated to used cars
11:37:16.189 [main] INFO  factory.BaseClass - Clicked on chennai location
